[2026-01-25 13:32:49] [INFO] ============================================================
[2026-01-25 13:32:49] [INFO] GAC Automated System Started - Mode: PAPER
[2026-01-25 13:32:49] [INFO] Max end time: 2026-01-28 13:32:49.310916
[2026-01-25 13:32:49] [INFO] Max iterations: 20
[2026-01-25 13:32:49] [INFO] Log file: /home/xinj/G-Compress/auto_research/logs/AutoGAC_paper_20260125_133249.log
[2026-01-25 13:32:49] [INFO] ============================================================

[2026-01-25 13:32:49] [INFO] Notification skipped (non-critical): Paper Mode Started
[2026-01-25 13:32:49] [INFO] 
============================================================
[2026-01-25 13:32:49] [INFO] Paper Review Iteration 1 started at 2026-01-25 13:32:49.321821
[2026-01-25 13:32:49] [INFO] ============================================================

[2026-01-25 13:32:49] [INFO] First iteration: generating figures and initializing paper...
[2026-01-25 13:32:49] [INFO] Generating paper figures...
[2026-01-25 13:32:55] [INFO] Figure generation completed successfully
[2026-01-25 13:32:55] [AGENT] >>> Agent [writer] 开始: 这是论文审稿的第一次迭代。请完成以下初始化工作：

1. 更新 Latex/main.tex 中的作者信息（根据 paper_requirements.yaml...
[2026-01-25 13:32:57] [AGENT]   [writer] Error: When using --print, --output-format=stream-json requires --verbose
[2026-01-25 13:32:58] [AGENT] <<< Agent [writer] 完成
[2026-01-25 13:32:58] [INFO] Compiling LaTeX...
[2026-01-25 13:33:04] [INFO] LaTeX compiled successfully: /home/xinj/G-Compress/Latex/main.pdf
[2026-01-25 13:33:04] [INFO] Converting PDF to images for visual review...
[2026-01-25 13:33:05] [INFO] Generated 8 page images
[2026-01-25 13:33:05] [INFO] Running reviewer agent...
[2026-01-25 13:33:05] [AGENT] >>> Agent [reviewer] 开始: 请审阅当前论文 Latex/main.tex 和生成的 Latex/main.pdf。

根据 EuroMLSys 标准进行评审：
- 技术质量 (40%)
-...
[2026-01-25 13:33:07] [AGENT]   [reviewer] Error: When using --print, --output-format=stream-json requires --verbose
[2026-01-25 13:33:08] [AGENT] <<< Agent [reviewer] 完成
[2026-01-25 13:33:08] [INFO] 从 latest_review.md 解析到评分: 7.5/10
[2026-01-25 13:33:08] [INFO] Review score: 7.5/10
[2026-01-25 13:33:08] [INFO] Running writer agent to improve paper...
[2026-01-25 13:33:08] [AGENT] >>> Agent [writer] 开始: 请阅读最新的审稿报告 auto_research/state/latest_review.md，
根据审稿意见改进论文：

1. 首先处理所有 Major Is...
[2026-01-25 13:33:09] [AGENT]   [writer] Error: When using --print, --output-format=stream-json requires --verbose
[2026-01-25 13:33:10] [AGENT] <<< Agent [writer] 完成
[2026-01-25 13:33:10] [AGENT] >>> Agent [validator] 开始: 验证论文改进是否符合审稿要求...
[2026-01-25 13:33:11] [AGENT]   [validator] Error: When using --print, --output-format=stream-json requires --verbose
[2026-01-25 13:33:12] [AGENT] <<< Agent [validator] 完成
[2026-01-25 13:33:12] [INFO] Paper iteration 1 completed, score: 7.5/10

[2026-01-25 13:33:12] [INFO] Git commit: Iteration 1: score 7.5/10
[2026-01-25 13:33:12] [INFO] Checkpoint saved: iteration=1
[2026-01-25 13:33:12] [INFO] Waiting 3 minutes before next iteration...
[2026-01-25 13:36:12] [INFO] 
============================================================
[2026-01-25 13:36:12] [INFO] Paper Review Iteration 2 started at 2026-01-25 13:36:12.748462
[2026-01-25 13:36:12] [INFO] ============================================================

[2026-01-25 13:36:12] [INFO] Compiling LaTeX...
[2026-01-25 13:36:18] [INFO] LaTeX compiled successfully: /home/xinj/G-Compress/Latex/main.pdf
[2026-01-25 13:36:18] [INFO] Converting PDF to images for visual review...
[2026-01-25 13:36:20] [INFO] Generated 8 page images
[2026-01-25 13:36:20] [INFO] Running reviewer agent...
[2026-01-25 13:36:20] [AGENT] >>> Agent [reviewer] 开始: 请审阅当前论文 Latex/main.tex 和生成的 Latex/main.pdf。

根据 EuroMLSys 标准进行评审：
- 技术质量 (40%)
-...
[2026-01-25 13:36:22] [AGENT]   [reviewer] Error: When using --print, --output-format=stream-json requires --verbose
[2026-01-25 13:36:22] [AGENT] <<< Agent [reviewer] 完成
[2026-01-25 13:36:22] [INFO] 从 latest_review.md 解析到评分: 7.5/10
[2026-01-25 13:36:22] [INFO] Review score: 7.5/10
[2026-01-25 13:36:22] [INFO] Running writer agent to improve paper...
[2026-01-25 13:36:22] [AGENT] >>> Agent [writer] 开始: 请阅读最新的审稿报告 auto_research/state/latest_review.md，
根据审稿意见改进论文：

1. 首先处理所有 Major Is...
[2026-01-25 13:36:24] [AGENT]   [writer] Error: When using --print, --output-format=stream-json requires --verbose
[2026-01-25 13:36:24] [AGENT] <<< Agent [writer] 完成
[2026-01-25 13:36:24] [AGENT] >>> Agent [validator] 开始: 验证论文改进是否符合审稿要求...
[2026-01-25 13:36:26] [AGENT]   [validator] Error: When using --print, --output-format=stream-json requires --verbose
[2026-01-25 13:36:27] [AGENT] <<< Agent [validator] 完成
[2026-01-25 13:36:27] [INFO] Paper iteration 2 completed, score: 7.5/10

[2026-01-25 13:36:27] [INFO] Git commit: Iteration 2: score 7.5/10
[2026-01-25 13:36:27] [INFO] Checkpoint saved: iteration=2
[2026-01-25 13:36:27] [INFO] Waiting 3 minutes before next iteration...
[2026-01-25 13:39:27] [INFO] 
============================================================
[2026-01-25 13:39:27] [INFO] Paper Review Iteration 3 started at 2026-01-25 13:39:27.222017
[2026-01-25 13:39:27] [INFO] ============================================================

[2026-01-25 13:39:27] [INFO] Compiling LaTeX...
[2026-01-25 13:39:32] [INFO] LaTeX compiled successfully: /home/xinj/G-Compress/Latex/main.pdf
[2026-01-25 13:39:32] [INFO] Converting PDF to images for visual review...
[2026-01-25 13:39:34] [INFO] Generated 8 page images
[2026-01-25 13:39:34] [INFO] Running reviewer agent...
[2026-01-25 13:39:34] [AGENT] >>> Agent [reviewer] 开始: 请审阅当前论文 Latex/main.tex 和生成的 Latex/main.pdf。

根据 EuroMLSys 标准进行评审：
- 技术质量 (40%)
-...
[2026-01-25 13:39:36] [AGENT]   [reviewer] Error: When using --print, --output-format=stream-json requires --verbose
[2026-01-25 13:39:36] [AGENT] <<< Agent [reviewer] 完成
[2026-01-25 13:39:37] [INFO] 从 latest_review.md 解析到评分: 7.5/10
[2026-01-25 13:39:37] [INFO] Review score: 7.5/10
[2026-01-25 13:39:37] [INFO] Running writer agent to improve paper...
[2026-01-25 13:39:37] [AGENT] >>> Agent [writer] 开始: 请阅读最新的审稿报告 auto_research/state/latest_review.md，
根据审稿意见改进论文：

1. 首先处理所有 Major Is...
[2026-01-25 13:39:38] [AGENT]   [writer] Error: When using --print, --output-format=stream-json requires --verbose
[2026-01-25 13:39:39] [AGENT] <<< Agent [writer] 完成
[2026-01-25 13:39:39] [AGENT] >>> Agent [validator] 开始: 验证论文改进是否符合审稿要求...
[2026-01-25 13:39:40] [AGENT]   [validator] Error: When using --print, --output-format=stream-json requires --verbose
[2026-01-25 13:39:41] [AGENT] <<< Agent [validator] 完成
[2026-01-25 13:39:41] [INFO] Paper iteration 3 completed, score: 7.5/10

[2026-01-25 13:39:41] [INFO] Git commit: Iteration 3: score 7.5/10
[2026-01-25 13:39:41] [INFO] Checkpoint saved: iteration=3
[2026-01-25 13:39:41] [INFO] Waiting 3 minutes before next iteration...
[2026-01-25 13:42:41] [INFO] 
============================================================
[2026-01-25 13:42:41] [INFO] Paper Review Iteration 4 started at 2026-01-25 13:42:41.466261
[2026-01-25 13:42:41] [INFO] ============================================================

[2026-01-25 13:42:41] [INFO] Compiling LaTeX...
[2026-01-25 13:42:46] [INFO] LaTeX compiled successfully: /home/xinj/G-Compress/Latex/main.pdf
[2026-01-25 13:42:46] [INFO] Converting PDF to images for visual review...
[2026-01-25 13:42:48] [INFO] Generated 8 page images
[2026-01-25 13:42:48] [INFO] Running reviewer agent...
[2026-01-25 13:42:48] [AGENT] >>> Agent [reviewer] 开始: 请审阅当前论文 Latex/main.tex 和生成的 Latex/main.pdf。

根据 EuroMLSys 标准进行评审：
- 技术质量 (40%)
-...
[2026-01-25 13:42:50] [AGENT]   [reviewer] Error: When using --print, --output-format=stream-json requires --verbose
[2026-01-25 13:42:50] [AGENT] <<< Agent [reviewer] 完成
[2026-01-25 13:42:50] [INFO] 从 latest_review.md 解析到评分: 7.5/10
[2026-01-25 13:42:50] [INFO] Review score: 7.5/10
[2026-01-25 13:42:50] [INFO] Running writer agent to improve paper...
[2026-01-25 13:42:50] [AGENT] >>> Agent [writer] 开始: 请阅读最新的审稿报告 auto_research/state/latest_review.md，
根据审稿意见改进论文：

1. 首先处理所有 Major Is...
[2026-01-25 13:42:52] [AGENT]   [writer] Error: When using --print, --output-format=stream-json requires --verbose
[2026-01-25 13:42:53] [AGENT] <<< Agent [writer] 完成
[2026-01-25 13:42:53] [AGENT] >>> Agent [validator] 开始: 验证论文改进是否符合审稿要求...
[2026-01-25 13:42:54] [AGENT]   [validator] Error: When using --print, --output-format=stream-json requires --verbose
[2026-01-25 13:42:55] [AGENT] <<< Agent [validator] 完成
[2026-01-25 13:42:55] [INFO] Paper iteration 4 completed, score: 7.5/10

[2026-01-25 13:42:55] [INFO] Git commit: Iteration 4: score 7.5/10
[2026-01-25 13:42:55] [INFO] Checkpoint saved: iteration=4
[2026-01-25 13:42:55] [INFO] Waiting 3 minutes before next iteration...
[2026-01-25 13:45:55] [INFO] 
============================================================
[2026-01-25 13:45:55] [INFO] Paper Review Iteration 5 started at 2026-01-25 13:45:55.455632
[2026-01-25 13:45:55] [INFO] ============================================================

[2026-01-25 13:45:55] [INFO] Compiling LaTeX...
[2026-01-25 13:46:00] [INFO] LaTeX compiled successfully: /home/xinj/G-Compress/Latex/main.pdf
[2026-01-25 13:46:00] [INFO] Converting PDF to images for visual review...
[2026-01-25 13:46:02] [INFO] Generated 8 page images
[2026-01-25 13:46:02] [INFO] Running reviewer agent...
[2026-01-25 13:46:02] [AGENT] >>> Agent [reviewer] 开始: 请审阅当前论文 Latex/main.tex 和生成的 Latex/main.pdf。

根据 EuroMLSys 标准进行评审：
- 技术质量 (40%)
-...
[2026-01-25 13:46:04] [AGENT]   [reviewer] Error: When using --print, --output-format=stream-json requires --verbose
[2026-01-25 13:46:04] [AGENT] <<< Agent [reviewer] 完成
[2026-01-25 13:46:04] [INFO] 从 latest_review.md 解析到评分: 7.5/10
[2026-01-25 13:46:04] [INFO] Review score: 7.5/10
[2026-01-25 13:46:04] [INFO] Running writer agent to improve paper...
[2026-01-25 13:46:04] [AGENT] >>> Agent [writer] 开始: 请阅读最新的审稿报告 auto_research/state/latest_review.md，
根据审稿意见改进论文：

1. 首先处理所有 Major Is...
[2026-01-25 13:46:06] [AGENT]   [writer] Error: When using --print, --output-format=stream-json requires --verbose
[2026-01-25 13:46:07] [AGENT] <<< Agent [writer] 完成
[2026-01-25 13:46:07] [AGENT] >>> Agent [validator] 开始: 验证论文改进是否符合审稿要求...
[2026-01-25 13:46:08] [AGENT]   [validator] Error: When using --print, --output-format=stream-json requires --verbose
[2026-01-25 13:46:09] [AGENT] <<< Agent [validator] 完成
[2026-01-25 13:46:09] [INFO] Paper iteration 5 completed, score: 7.5/10

[2026-01-25 13:46:09] [INFO] Git commit: Iteration 5: score 7.5/10
[2026-01-25 13:46:09] [INFO] Checkpoint saved: iteration=5
[2026-01-25 13:46:09] [INFO] Waiting 3 minutes before next iteration...
[2026-01-25 13:49:09] [INFO] 
============================================================
[2026-01-25 13:49:09] [INFO] Paper Review Iteration 6 started at 2026-01-25 13:49:09.667343
[2026-01-25 13:49:09] [INFO] ============================================================

[2026-01-25 13:49:09] [INFO] Compiling LaTeX...
[2026-01-25 13:49:15] [INFO] LaTeX compiled successfully: /home/xinj/G-Compress/Latex/main.pdf
[2026-01-25 13:49:15] [INFO] Converting PDF to images for visual review...
[2026-01-25 13:49:16] [INFO] Generated 8 page images
[2026-01-25 13:49:16] [INFO] Running reviewer agent...
[2026-01-25 13:49:16] [AGENT] >>> Agent [reviewer] 开始: 请审阅当前论文 Latex/main.tex 和生成的 Latex/main.pdf。

根据 EuroMLSys 标准进行评审：
- 技术质量 (40%)
-...
[2026-01-25 13:49:18] [AGENT]   [reviewer] Error: When using --print, --output-format=stream-json requires --verbose
[2026-01-25 13:49:19] [AGENT] <<< Agent [reviewer] 完成
[2026-01-25 13:49:19] [INFO] 从 latest_review.md 解析到评分: 7.5/10
[2026-01-25 13:49:19] [INFO] Review score: 7.5/10
[2026-01-25 13:49:19] [INFO] Running writer agent to improve paper...
[2026-01-25 13:49:19] [AGENT] >>> Agent [writer] 开始: 请阅读最新的审稿报告 auto_research/state/latest_review.md，
根据审稿意见改进论文：

1. 首先处理所有 Major Is...
[2026-01-25 13:49:20] [AGENT]   [writer] Error: When using --print, --output-format=stream-json requires --verbose
[2026-01-25 13:49:21] [AGENT] <<< Agent [writer] 完成
[2026-01-25 13:49:21] [AGENT] >>> Agent [validator] 开始: 验证论文改进是否符合审稿要求...
[2026-01-25 13:49:23] [AGENT]   [validator] Error: When using --print, --output-format=stream-json requires --verbose
[2026-01-25 13:49:23] [AGENT] <<< Agent [validator] 完成
[2026-01-25 13:49:23] [INFO] Paper iteration 6 completed, score: 7.5/10

[2026-01-25 13:49:23] [INFO] Git commit: Iteration 6: score 7.5/10
[2026-01-25 13:49:23] [INFO] Checkpoint saved: iteration=6
[2026-01-25 13:49:23] [INFO] Waiting 3 minutes before next iteration...
[2026-01-25 13:52:01] [INFO] 
Interrupted by user
[2026-01-25 13:52:01] [INFO] 
============================================================
[2026-01-25 13:52:01] [INFO] GAC Automated System Finished - Mode: PAPER
[2026-01-25 13:52:01] [INFO] Total iterations: 6
[2026-01-25 13:52:01] [INFO] Final paper score: 7.5/10
[2026-01-25 13:52:01] [INFO] Paper status: in_progress
[2026-01-25 13:52:01] [INFO] ============================================================
