[2026-01-25 13:25:43] [INFO] ============================================================
[2026-01-25 13:25:43] [INFO] GAC Automated System Started - Mode: PAPER
[2026-01-25 13:25:43] [INFO] Max end time: 2026-01-28 13:25:43.076340
[2026-01-25 13:25:43] [INFO] Max iterations: 20
[2026-01-25 13:25:43] [INFO] Log file: /home/xinj/G-Compress/auto_research/logs/AutoGAC_paper_20260125_132543.log
[2026-01-25 13:25:43] [INFO] ============================================================

[2026-01-25 13:25:43] [INFO] Notification skipped (non-critical): Paper Mode Started
[2026-01-25 13:25:43] [INFO] 
============================================================
[2026-01-25 13:25:43] [INFO] Paper Review Iteration 1 started at 2026-01-25 13:25:43.084023
[2026-01-25 13:25:43] [INFO] ============================================================

[2026-01-25 13:25:43] [INFO] First iteration: generating figures and initializing paper...
[2026-01-25 13:25:43] [INFO] Generating paper figures...
[2026-01-25 13:25:48] [INFO] Figure generation completed successfully
[2026-01-25 13:25:48] [AGENT] >>> Agent [writer] 开始: 这是论文审稿的第一次迭代。请完成以下初始化工作：

1. 更新 Latex/main.tex 中的作者信息（根据 paper_requirements.yaml...
[2026-01-25 13:25:49] [AGENT]   [writer] Error: When using --print, --output-format=stream-json requires --verbose
[2026-01-25 13:25:50] [AGENT] <<< Agent [writer] 完成
[2026-01-25 13:25:50] [INFO] Compiling LaTeX...
[2026-01-25 13:25:55] [INFO] LaTeX compiled successfully: /home/xinj/G-Compress/Latex/main.pdf
[2026-01-25 13:25:55] [INFO] Converting PDF to images for visual review...
[2026-01-25 13:25:56] [INFO] Generated 8 page images
[2026-01-25 13:25:56] [INFO] Running reviewer agent...
[2026-01-25 13:25:56] [AGENT] >>> Agent [reviewer] 开始: 请审阅当前论文 Latex/main.tex 和生成的 Latex/main.pdf。

根据 EuroMLSys 标准进行评审：
- 技术质量 (40%)
-...
[2026-01-25 13:25:58] [AGENT]   [reviewer] Error: When using --print, --output-format=stream-json requires --verbose
[2026-01-25 13:25:59] [AGENT] <<< Agent [reviewer] 完成
[2026-01-25 13:25:59] [INFO] 从 latest_review.md 解析到评分: 7.5/10
[2026-01-25 13:25:59] [INFO] Review score: 7.5/10
[2026-01-25 13:25:59] [INFO] Running writer agent to improve paper...
[2026-01-25 13:25:59] [AGENT] >>> Agent [writer] 开始: 请阅读最新的审稿报告 auto_research/state/latest_review.md，
根据审稿意见改进论文：

1. 首先处理所有 Major Is...
[2026-01-25 13:26:00] [AGENT]   [writer] Error: When using --print, --output-format=stream-json requires --verbose
[2026-01-25 13:26:01] [AGENT] <<< Agent [writer] 完成
[2026-01-25 13:26:01] [AGENT] >>> Agent [validator] 开始: 验证论文改进是否符合审稿要求...
[2026-01-25 13:26:02] [AGENT]   [validator] Error: When using --print, --output-format=stream-json requires --verbose
[2026-01-25 13:26:03] [AGENT] <<< Agent [validator] 完成
[2026-01-25 13:26:03] [INFO] Paper iteration 1 completed, score: 7.5/10

[2026-01-25 13:26:03] [INFO] Waiting 3 minutes before next iteration...
[2026-01-25 13:26:40] [INFO] 
Interrupted by user
[2026-01-25 13:26:40] [INFO] 
============================================================
[2026-01-25 13:26:40] [INFO] GAC Automated System Finished - Mode: PAPER
[2026-01-25 13:26:40] [INFO] Total iterations: 1
[2026-01-25 13:26:40] [INFO] Final paper score: 7.5/10
[2026-01-25 13:26:40] [INFO] Paper status: in_progress
[2026-01-25 13:26:40] [INFO] ============================================================
