[2026-01-26 13:11:24] [INFO] ============================================================
[2026-01-26 13:11:24] [INFO] GAC Automated System Started - Mode: PAPER
[2026-01-26 13:11:24] [INFO] Max end time: 2026-01-29 13:11:24.800311
[2026-01-26 13:11:24] [INFO] Max iterations: 1
[2026-01-26 13:11:24] [INFO] Log file: /home/xinj/G-Compress/auto_research/logs/AutoGAC_paper_20260126_131124.log
[2026-01-26 13:11:24] [INFO] ============================================================

[2026-01-26 13:11:24] [INFO] Notification skipped (non-critical): Paper Mode Started
[2026-01-26 13:11:24] [INFO] 
============================================================
[2026-01-26 13:11:24] [INFO] Paper Review Iteration 1
[2026-01-26 13:11:24] [INFO] 时间: 2026-01-26 13:11:24
[2026-01-26 13:11:24] [INFO] 当前评分: 7.5/10 | 目标: 8/10
[2026-01-26 13:11:24] [INFO] ============================================================

[2026-01-26 13:11:24] [INFO] First iteration: generating figures and initializing paper...
[2026-01-26 13:11:24] [INFO] Generating paper figures...
[2026-01-26 13:11:30] [INFO] Figure generation completed successfully
[2026-01-26 13:11:30] [PRECHECK] >>> 图表质量预检...
[2026-01-26 13:11:30] [PRECHECK] 图表质量检查通过 ✓
[2026-01-26 13:11:30] [AGENT] >>> Agent [writer] 开始: 这是论文审稿的第一次迭代。请完成以下初始化工作：

1. 更新 Latex/main.tex 中的作者信息（根据 paper_requirements.yaml...
[2026-01-26 13:11:35] [AGENT]   [writer] 我来完成这个初始化任务。让我先读取相关文件了解当前状态。
[2026-01-26 13:12:25] [AGENT]   [writer] 编译成功，生成了 6 页 PDF。让我检查页数确认：
[2026-01-26 13:12:55] [AGENT] <<< Agent [writer] 完成 | Token: in=1680, out=3810 | 累计: in=1,680, out=3,810
[2026-01-26 13:12:55] [SUMMARY] --- [writer] 摘要 ---
[2026-01-26 13:12:55] [SUMMARY]   修改了: Latex/main.tex
[2026-01-26 13:12:55] [SUMMARY]   涉及图表: 6 个
[2026-01-26 13:12:55] [SUMMARY] --- 摘要结束 ---
[2026-01-26 13:12:55] [INFO] Compiling LaTeX...
[2026-01-26 13:13:00] [INFO] LaTeX compiled successfully: /home/xinj/G-Compress/Latex/main.pdf
[2026-01-26 13:13:00] [INFO] Converting PDF to images for visual review...
[2026-01-26 13:13:02] [INFO] Generated 8 page images
[2026-01-26 13:13:02] [INFO] Running reviewer agent...
[2026-01-26 13:13:02] [AGENT] >>> Agent [reviewer] 开始: 请审阅当前论文 Latex/main.tex 和生成的 Latex/main.pdf。

根据 EuroMLSys 标准进行评审：
- 技术质量 (40%)
-...
[2026-01-26 13:13:06] [AGENT]   [reviewer] 我来执行论文审稿任务。首先读取论文页面图像进行视觉审核，同时读取相关上下文文件。
[2026-01-26 13:13:23] [AGENT]   [reviewer] 视觉审核完成。现在读取 LaTeX 源文件和上下文文件。
