[2026-01-26 10:59:42] [INFO] ============================================================
[2026-01-26 10:59:42] [INFO] GAC Automated System Started - Mode: PAPER
[2026-01-26 10:59:42] [INFO] Max end time: 2026-01-29 10:59:42.148930
[2026-01-26 10:59:42] [INFO] Max iterations: 5
[2026-01-26 10:59:42] [INFO] Log file: /home/xinj/G-Compress/auto_research/logs/AutoGAC_paper_20260126_105942.log
[2026-01-26 10:59:42] [INFO] ============================================================

[2026-01-26 10:59:42] [INFO] Notification skipped (non-critical): Paper Mode Started
[2026-01-26 10:59:42] [INFO] 
============================================================
[2026-01-26 10:59:42] [INFO] Paper Review Iteration 1
[2026-01-26 10:59:42] [INFO] 时间: 2026-01-26 10:59:42
[2026-01-26 10:59:42] [INFO] 当前评分: 7.5/10 | 目标: 8/10
[2026-01-26 10:59:42] [INFO] ============================================================

[2026-01-26 10:59:42] [INFO] First iteration: generating figures and initializing paper...
[2026-01-26 10:59:42] [INFO] Generating paper figures...
[2026-01-26 10:59:47] [INFO] Figure generation completed successfully
[2026-01-26 10:59:47] [AGENT] >>> Agent [writer] 开始: 这是论文审稿的第一次迭代。请完成以下初始化工作：

1. 更新 Latex/main.tex 中的作者信息（根据 paper_requirements.yaml...
[2026-01-26 10:59:51] [AGENT]   [writer] 我来执行这个论文初始化任务。首先让我读取相关的上下文文件。
[2026-01-26 11:00:07] [AGENT]   [writer] 已读取上下文文件。让我分析当前状态：

**当前状态：**
1. 论文 `Latex/main.tex` 已经存在，且结构较完整
2. 作者信息已正确设置（Jihao Xin, Tian Lvy, Qilong Pan, Kesen Wang）
3. 6 个图表 PDF 都已生成在 `Latex/figures/` 目录
4. 需要检查：
   - 作者信息是否符合要求（需要添加 Marco Ca
[2026-01-26 11:00:16] [AGENT]   [writer] 现在检查图表引用。让我统计论文中的图表引用和实际的图表文件：
[2026-01-26 11:00:21] [AGENT]   [writer] 所有 6 个图表都已正确引用：
- fig1_overview.pdf ✓
- fig2_sdpa_latency.pdf ✓
- fig3_palu_dist.pdf ✓
- fig4_root_cause.pdf ✓
- fig5_repair_tradeoff.pdf ✓
- fig6_e2e.pdf ✓
[2026-01-26 11:00:26] [AGENT]   [writer] 现在检查论文结构完整性，提取所有 section：
[2026-01-26 11:00:32] [AGENT]   [writer] 论文结构完整，包含所有必需的章节：
1. Introduction ✓
2. Background ✓
3. Dimensional Collapse (现象) ✓
4. Root Cause Analysis ✓
5. Shape-Aware Compression (解决方案) ✓
6. Evaluation ✓
7. Related Work ✓
8. Conclusion ✓

现在验证 
[2026-01-26 11:00:36] [AGENT]   [writer] 引用文件完整。现在编译论文验证格式正确性：
[2026-01-26 11:00:44] [AGENT]   [writer] 编译成功！输出 8 页（正文 6 页 + 引用 2 页应该是符合预期的）。让我运行 bibtex 生成完整引用：
[2026-01-26 11:00:59] [AGENT]   [writer] 编译成功，输出 8 页（正文约 6 页 + 引用页）。BibTeX 有一些格式警告但不影响编译。

让我检查论文实际页数分布：
[2026-01-26 11:01:25] [AGENT] <<< Agent [writer] 完成 | Token: in=2, out=3845 | 累计: in=2, out=3,845
[2026-01-26 11:01:25] [SUMMARY] --- [writer] 摘要 ---
[2026-01-26 11:01:25] [SUMMARY]   修改了: Latex/main.tex
[2026-01-26 11:01:25] [SUMMARY]   涉及图表: 6 个
[2026-01-26 11:01:25] [SUMMARY] --- 摘要结束 ---
[2026-01-26 11:01:25] [INFO] Compiling LaTeX...
[2026-01-26 11:01:31] [INFO] LaTeX compiled successfully: /home/xinj/G-Compress/Latex/main.pdf
[2026-01-26 11:01:31] [INFO] Converting PDF to images for visual review...
[2026-01-26 11:01:32] [INFO] Generated 8 page images
[2026-01-26 11:01:32] [INFO] Running reviewer agent...
[2026-01-26 11:01:32] [AGENT] >>> Agent [reviewer] 开始: 请审阅当前论文 Latex/main.tex 和生成的 Latex/main.pdf。

根据 EuroMLSys 标准进行评审：
- 技术质量 (40%)
-...
[2026-01-26 11:01:37] [AGENT]   [reviewer] 我将开始审阅这篇论文。首先让我读取论文的视觉页面和源文件。
[2026-01-26 11:01:48] [AGENT]   [reviewer] 现在让我读取 LaTeX 源文件和研究状态文件。
[2026-01-26 11:01:54] [AGENT]   [reviewer] 现在让我检查 paper_example 目录中是否有参考论文。
[2026-01-26 11:02:06] [AGENT]   [reviewer] 我已经完成了对论文的视觉和内容审阅。现在让我整理并撰写完整的审稿报告。
[2026-01-26 11:03:47] [AGENT]   [reviewer] 文件已存在。现在我将用新的审稿报告覆盖它。
[2026-01-26 11:05:42] [AGENT] <<< Agent [reviewer] 完成 | Token: in=14438, out=11103 | 累计: in=14,440, out=14,948
[2026-01-26 11:05:42] [SUMMARY] --- [reviewer] 摘要 ---
[2026-01-26 11:05:42] [SUMMARY]   总评分: 7.4/10
[2026-01-26 11:05:42] [SUMMARY]   评级: Weak Accept (7.4/10)
[2026-01-26 11:05:42] [SUMMARY]   分项: 技术:7 | 呈现:8 | 创新:7 | 写作:8
[2026-01-26 11:05:42] [SUMMARY]   Major Issues (3个):
[2026-01-26 11:05:42] [SUMMARY]     - End-to-End Validation Gap
[2026-01-26 11:05:42] [SUMMARY]     - Missing Accuracy Validation
[2026-01-26 11:05:42] [SUMMARY]     - Inconsistent Latency Numbers
[2026-01-26 11:05:42] [SUMMARY]   Minor Issues: 8 个
[2026-01-26 11:05:42] [SUMMARY]   优点 (5个): Important and Novel Problem Identification, Thorough Root Cause Analysis, Quantitative Rigor, Good Experimental Design
[2026-01-26 11:05:42] [SUMMARY]   缺点 (5个): Incomplete Solution Validation, No Accuracy Evaluation, Limited Generalization, Diagnostic vs. Prescriptive
[2026-01-26 11:05:42] [SUMMARY]   写入文件: auto_research/state/latest_review.md
[2026-01-26 11:05:42] [SUMMARY] --- 摘要结束 ---
[2026-01-26 11:05:42] [INFO] 解析到评分: 7.4/10
[2026-01-26 11:05:42] [INFO] Review score: 7.4/10
[2026-01-26 11:05:42] [INFO] >>> 启动 Planner 驱动的迭代循环...
[2026-01-26 11:05:42] [PLANNER] >>> Planner 分析审稿意见...
[2026-01-26 11:05:42] [AGENT] >>> Agent [planner] 开始: 
分析以下审稿意见，生成 action_plan.yaml。

## 审稿意见摘要
请读取完整审稿报告：auto_research/state/latest_r...
[2026-01-26 11:05:47] [AGENT]   [planner] 我来分析审稿意见并生成 action plan。首先让我读取相关文件获取上下文。
[2026-01-26 11:07:25] [AGENT] <<< Agent [planner] 完成 | Token: in=47, out=6506 | 累计: in=14,487, out=21,454
[2026-01-26 11:07:25] [SUMMARY] --- [planner] 摘要 ---
[2026-01-26 11:07:25] [SUMMARY]   无明显变更
[2026-01-26 11:07:25] [SUMMARY] --- 摘要结束 ---
[2026-01-26 11:07:25] [PLANNER] Planner 生成了 11 个 issues:
[2026-01-26 11:07:25] [PLANNER]   - EXPERIMENT_REQUIRED: 4
[2026-01-26 11:07:25] [PLANNER]   - WRITING_ONLY: 7
[2026-01-26 11:07:25] [PLANNER] >>> 处理实验任务: M1 - End-to-End Validation Gap
[2026-01-26 11:07:25] [INNERLOOP] >>> Inner Loop #1/3 for M1
[2026-01-26 11:07:25] [INNERLOOP]   [Experimenter] 修复 analyze_palu_dimensions() 函数，使其正确检测 PaLU 模型的 per-head 维度：
1. 检查 src/gcompress...
[2026-01-26 11:07:25] [AGENT] >>> Agent [experimenter] 开始: 
任务: 修复 analyze_palu_dimensions() 函数，使其正确检测 PaLU 模型的 per-head 维度：
1. 检查 src/gcom...
[2026-01-26 11:07:31] [AGENT]   [experimenter] 我来分析并修复 `analyze_palu_dimensions()` 函数。首先让我读取相关文件了解当前状态和代码结构。
[2026-01-26 11:07:36] [AGENT]   [experimenter] 让我继续查看 PaLU 模型的关键文件，了解 SVD 分解的结构。
[2026-01-26 11:07:41] [AGENT]   [experimenter] 现在我理解了 PaLU 模型的结构。让我查看 C5 实验结果和 findings.yaml 来了解更多上下文。
[2026-01-26 11:07:51] [AGENT]   [experimenter] 让我查看 C5 实验的结果，更好地理解当前错误检测的问题。
[2026-01-26 11:08:07] [AGENT]   [experimenter] 让我查看 C5 实验脚本中的 `analyze_palu_dimensions()` 函数。
[2026-01-26 11:08:20] [AGENT]   [experimenter] 现在我清楚了问题所在。当前的 `analyze_palu_dimensions()` 函数：
1. 检查 `k_proj` 和 `v_proj` 模块
2. 但在 PaLU 模型中，这些已被替换为 `HeadwiseLowRankModule`
3. 它找到的是 `VT` (nn.Linear) 的 `out_features = sum(ranks)`，而非 per-head ranks

我需
[2026-01-26 11:08:35] [AGENT]   [experimenter] 现在还需要修复 `DimensionRepairer` 的 `analyze_model` 方法，使其也能正确检测 PaLU 模型的 per-head 维度。让我查看并修复它。
[2026-01-26 11:08:39] [AGENT]   [experimenter] 现在我需要修复 `DimensionRepairer.analyze_model` 方法和相关的 `repair_model` 方法。这个修复比较复杂，因为需要处理 PaLU 的 `HeadwiseLowRankModule` 结构。
[2026-01-26 11:08:51] [AGENT]   [experimenter] 现在我需要修改 `repair_model` 方法来处理 PaLU 的 `HeadwiseLowRankModule`。让我先查看完整的 `repair_model` 方法。
[2026-01-26 11:08:55] [AGENT]   [experimenter] 现在我需要修改 `repair_model` 方法，使其能够正确处理 PaLU 的 `HeadwiseLowRankModule` 结构。关键是修复 `U[i]` 层的输入维度（即 rank 维度）。
[2026-01-26 11:09:28] [AGENT]   [experimenter] 现在我需要创建一个测试脚本来验证修复是否正确，然后通过 Slurm 提交验证实验。让我先创建一个快速验证脚本。
[2026-01-26 11:09:54] [AGENT]   [experimenter] 现在创建一个 Slurm 脚本来运行这个验证测试，然后再运行完整的 C5 实验。
[2026-01-26 11:10:17] [AGENT]   [experimenter] 让我等待作业完成，并准备 C5 实验的修复版本。首先查看当前的 C5 实验脚本，确认其他部分是否需要修复。
[2026-01-26 11:10:22] [AGENT]   [experimenter] 我还需要查看 C5 实验脚本中的内存测量逻辑，看看是否需要修复内存泄漏问题。
[2026-01-26 11:10:27] [AGENT]   [experimenter] 让我查看 benchmark_model 函数如何测量内存。
[2026-01-26 11:10:30] [AGENT]   [experimenter] 让我查看 main 函数来理解完整的实验流程和内存管理。
[2026-01-26 11:10:35] [AGENT]   [experimenter] 我注意到问题了：在运行 `palu_repair` 之前，`palu_model` 仍然在内存中，导致两个模型同时存在。让我修复这个问题。
[2026-01-26 11:10:43] [AGENT]   [experimenter] 让我检查测试作业的状态。
[2026-01-26 11:10:51] [AGENT]   [experimenter] 作业在排队中。让我先创建 C5 验证实验的 sbatch 脚本，等测试通过后就可以直接运行。
[2026-01-26 11:11:02] [AGENT]   [experimenter] 让我等待一下然后检查测试作业的状态。
[2026-01-26 11:11:07] [AGENT]   [experimenter] 作业还在排队。让我检查是否有其他作业占用了 GPU 配额。
[2026-01-26 11:11:12] [AGENT]   [experimenter] 有其他作业在运行。让我取消这个测试作业，改用 srun 进行快速验证（因为测试脚本应该很快）。
[2026-01-26 11:11:19] [AGENT]   [experimenter] 由于 GPU 配额限制，让我修改测试脚本使其可以只加载模型进行维度分析（不需要实际运行推理）。这样可以在 CPU 上先验证代码修复是否正确。
[2026-01-26 11:12:24] [AGENT]   [experimenter] 看！有 `gs-1`（group_size=1）的 checkpoint！让我检查它的 ranks。
[2026-01-26 11:12:31] [AGENT]   [experimenter] `gs-1` 的 checkpoint 每个 head 单独压缩，所以 ranks 是 [64, 64, 64, ...] 或 [128, 128, ...]。这些都是 8 的倍数，没有 misalignment 问题。

让我检查 `ratio-0.9` 的 `gs-1` checkpoint，因为更高的 ratio 可能产生不对齐的维度。
[2026-01-26 11:13:01] [AGENT]   [experimenter] 这个 checkpoint 也是对齐的。让我检查所有 gs-1 checkpoint 的 misalignment 情况。
[2026-01-26 11:13:10] [AGENT]   [experimenter] 所有 `gs-1` checkpoint 的 ranks 都是 8 的倍数（32, 64, 96, 128）。这意味着 PaLU 在这些 checkpoint 中使用的 rank 搜索算法已经考虑了对齐约束！

让我重新检查之前 findings.yaml 中提到的 "114-125 范围" 数据的来源。
[2026-01-26 11:14:12] [AGENT] <<< Agent [experimenter] 完成 | Token: in=2911, out=21648 | 累计: in=17,398, out=43,102
[2026-01-26 11:14:12] [SUMMARY] --- [experimenter] 摘要 ---
[2026-01-26 11:14:12] [SUMMARY]   提交 Slurm 作业: 12 个
[2026-01-26 11:14:12] [SUMMARY] --- 摘要结束 ---
[2026-01-26 11:14:12] [INNERLOOP]   [等待 Slurm 作业完成...]
[2026-01-26 11:14:12] [INFO] Checking Slurm jobs...
[2026-01-26 11:14:12] [INFO] 7 jobs still running, waiting 60s...
[2026-01-26 11:15:12] [INFO] 7 jobs still running, waiting 60s...
[2026-01-26 11:16:12] [INFO] 7 jobs still running, waiting 60s...
[2026-01-26 11:17:12] [INFO] 7 jobs still running, waiting 60s...
[2026-01-26 11:18:12] [INFO] 7 jobs still running, waiting 60s...
[2026-01-26 11:19:12] [INFO] 7 jobs still running, waiting 60s...
[2026-01-26 11:20:12] [INFO] 7 jobs still running, waiting 60s...
[2026-01-26 11:21:12] [INFO] 7 jobs still running, waiting 60s...
[2026-01-26 11:22:12] [INFO] 7 jobs still running, waiting 60s...
[2026-01-26 11:23:12] [INFO] 7 jobs still running, waiting 60s...
[2026-01-26 11:24:13] [INFO] 7 jobs still running, waiting 60s...
[2026-01-26 11:25:13] [INFO] 7 jobs still running, waiting 60s...
[2026-01-26 11:26:13] [INFO] 7 jobs still running, waiting 60s...
[2026-01-26 11:27:13] [INFO] 7 jobs still running, waiting 60s...
[2026-01-26 11:28:13] [INFO] 7 jobs still running, waiting 60s...
[2026-01-26 11:29:13] [INFO] 7 jobs still running, waiting 60s...
[2026-01-26 11:30:13] [INFO] 7 jobs still running, waiting 60s...
[2026-01-26 11:31:13] [INFO] 7 jobs still running, waiting 60s...
[2026-01-26 11:32:13] [INFO] 7 jobs still running, waiting 60s...
[2026-01-26 11:33:13] [INFO] 7 jobs still running, waiting 60s...
[2026-01-26 11:34:13] [INFO] 7 jobs still running, waiting 60s...
[2026-01-26 11:35:13] [INFO] 7 jobs still running, waiting 60s...
[2026-01-26 11:36:13] [INFO] 7 jobs still running, waiting 60s...
[2026-01-26 11:37:13] [INFO] 7 jobs still running, waiting 60s...
[2026-01-26 11:38:13] [INFO] 7 jobs still running, waiting 60s...
[2026-01-26 11:39:14] [INFO] 7 jobs still running, waiting 60s...
[2026-01-26 11:40:14] [INFO] 7 jobs still running, waiting 60s...
[2026-01-26 11:41:14] [INFO] 7 jobs still running, waiting 60s...
[2026-01-26 11:42:14] [INFO] 7 jobs still running, waiting 60s...
[2026-01-26 11:43:14] [INFO] 7 jobs still running, waiting 60s...
[2026-01-26 11:44:14] [INFO] 7 jobs still running, waiting 60s...
[2026-01-26 11:45:14] [INFO] 7 jobs still running, waiting 60s...
[2026-01-26 11:46:14] [INFO] 7 jobs still running, waiting 60s...
[2026-01-26 11:47:14] [INFO] 7 jobs still running, waiting 60s...
[2026-01-26 11:48:14] [INFO] 7 jobs still running, waiting 60s...
[2026-01-26 11:49:14] [INFO] 7 jobs still running, waiting 60s...
[2026-01-26 11:50:14] [INFO] 7 jobs still running, waiting 60s...
[2026-01-26 11:51:14] [INFO] 7 jobs still running, waiting 60s...
[2026-01-26 11:52:14] [INFO] 7 jobs still running, waiting 60s...
[2026-01-26 11:53:14] [INFO] 7 jobs still running, waiting 60s...
[2026-01-26 11:54:14] [INFO] 7 jobs still running, waiting 60s...
[2026-01-26 11:55:15] [INFO] 7 jobs still running, waiting 60s...
[2026-01-26 11:56:15] [INFO] 7 jobs still running, waiting 60s...
[2026-01-26 11:57:15] [INFO] 7 jobs still running, waiting 60s...
[2026-01-26 11:58:15] [INFO] 7 jobs still running, waiting 60s...
[2026-01-26 11:59:15] [INFO] 7 jobs still running, waiting 60s...
[2026-01-26 12:00:15] [INFO] 7 jobs still running, waiting 60s...
[2026-01-26 12:01:15] [INFO] 7 jobs still running, waiting 60s...
[2026-01-26 12:02:15] [INFO] 7 jobs still running, waiting 60s...
[2026-01-26 12:03:15] [INFO] 7 jobs still running, waiting 60s...
[2026-01-26 12:04:15] [INFO] 7 jobs still running, waiting 60s...
[2026-01-26 12:05:15] [INFO] 7 jobs still running, waiting 60s...
[2026-01-26 12:06:15] [INFO] 7 jobs still running, waiting 60s...
[2026-01-26 12:07:15] [INFO] 7 jobs still running, waiting 60s...
[2026-01-26 12:08:15] [INFO] 7 jobs still running, waiting 60s...
[2026-01-26 12:09:15] [INFO] 7 jobs still running, waiting 60s...
[2026-01-26 12:10:16] [INFO] 7 jobs still running, waiting 60s...
[2026-01-26 12:11:16] [INFO] 7 jobs still running, waiting 60s...
[2026-01-26 12:12:16] [INFO] 7 jobs still running, waiting 60s...
[2026-01-26 12:13:16] [INFO] 7 jobs still running, waiting 60s...
[2026-01-26 12:14:16] [INFO] 7 jobs still running, waiting 60s...
[2026-01-26 12:15:16] [INFO] 7 jobs still running, waiting 60s...
